0 info it worked if it ends with ok
1 verbose cli [ '/Users/antonrepev/.nvm/versions/node/v6.17.1/bin/node',
1 verbose cli   '/Users/antonrepev/.nvm/versions/node/v6.17.1/bin/npm',
1 verbose cli   'start' ]
2 info using npm@3.10.10
3 info using node@v6.17.1
4 verbose run-script [ 'prestart', 'start', 'poststart' ]
5 info lifecycle mean-angular-interview-task@0.0.1~prestart: mean-angular-interview-task@0.0.1
6 silly lifecycle mean-angular-interview-task@0.0.1~prestart: no script for prestart, continuing
7 info lifecycle mean-angular-interview-task@0.0.1~start: mean-angular-interview-task@0.0.1
8 verbose lifecycle mean-angular-interview-task@0.0.1~start: unsafe-perm in lifecycle true
9 verbose lifecycle mean-angular-interview-task@0.0.1~start: PATH: /Users/antonrepev/.nvm/versions/node/v6.17.1/lib/node_modules/npm/bin/node-gyp-bin:/Users/antonrepev/web/demo/mean-starter-kit/node_modules/.bin:/Users/antonrepev/.nvm/versions/node/v6.17.1/bin:/usr/local/sbin:/usr/local/bin:/usr/bin:/bin:/usr/sbin:/sbin:/opt/X11/bin:/usr/local/sbin
10 verbose lifecycle mean-angular-interview-task@0.0.1~start: CWD: /Users/antonrepev/web/demo/mean-starter-kit
11 silly lifecycle mean-angular-interview-task@0.0.1~start: Args: [ '-c', 'node ./node_modules/gulp/bin/gulp.js' ]
12 silly lifecycle mean-angular-interview-task@0.0.1~start: Returned: code: 1  signal: null
13 info lifecycle mean-angular-interview-task@0.0.1~start: Failed to exec start script
14 verbose stack Error: mean-angular-interview-task@0.0.1 start: `node ./node_modules/gulp/bin/gulp.js`
14 verbose stack Exit status 1
14 verbose stack     at EventEmitter.<anonymous> (/Users/antonrepev/.nvm/versions/node/v6.17.1/lib/node_modules/npm/lib/utils/lifecycle.js:255:16)
14 verbose stack     at emitTwo (events.js:106:13)
14 verbose stack     at EventEmitter.emit (events.js:191:7)
14 verbose stack     at ChildProcess.<anonymous> (/Users/antonrepev/.nvm/versions/node/v6.17.1/lib/node_modules/npm/lib/utils/spawn.js:40:14)
14 verbose stack     at emitTwo (events.js:106:13)
14 verbose stack     at ChildProcess.emit (events.js:191:7)
14 verbose stack     at maybeClose (internal/child_process.js:920:16)
14 verbose stack     at Process.ChildProcess._handle.onexit (internal/child_process.js:230:5)
15 verbose pkgid mean-angular-interview-task@0.0.1
16 verbose cwd /Users/antonrepev/web/demo/mean-starter-kit
17 error Darwin 19.4.0
18 error argv "/Users/antonrepev/.nvm/versions/node/v6.17.1/bin/node" "/Users/antonrepev/.nvm/versions/node/v6.17.1/bin/npm" "start"
19 error node v6.17.1
20 error npm  v3.10.10
21 error code ELIFECYCLE
22 error mean-angular-interview-task@0.0.1 start: `node ./node_modules/gulp/bin/gulp.js`
22 error Exit status 1
23 error Failed at the mean-angular-interview-task@0.0.1 start script 'node ./node_modules/gulp/bin/gulp.js'.
23 error Make sure you have the latest version of node.js and npm installed.
23 error If you do, this is most likely a problem with the mean-angular-interview-task package,
23 error not with npm itself.
23 error Tell the author that this fails on your system:
23 error     node ./node_modules/gulp/bin/gulp.js
23 error You can get information on how to open an issue for this project with:
23 error     npm bugs mean-angular-interview-task
23 error Or if that isn't available, you can get their info via:
23 error     npm owner ls mean-angular-interview-task
23 error There is likely additional logging output above.
24 verbose exit [ 1, true ]
